<?xml version="1.0" encoding="UTF-8"?>
<testsuite xmlns:xsi="http://www.w3.org/2001/XMLSchema-instance" xsi:noNamespaceSchemaLocation="https://maven.apache.org/surefire/maven-surefire-plugin/xsd/surefire-test-report.xsd" name="com.hsbg.test.SomethingDoerTest" time="0.007" tests="3" errors="0" skipped="0" failures="1">
  <properties>
    <property name="sun.desktop" value="windows"/>
    <property name="awt.toolkit" value="sun.awt.windows.WToolkit"/>
    <property name="file.encoding.pkg" value="sun.io"/>
    <property name="java.specification.version" value="1.8"/>
    <property name="sun.cpu.isalist" value="amd64"/>
    <property name="sun.jnu.encoding" value="Cp1252"/>
    <property name="java.class.path" value="D:\code\test-service2\target\test-classes;D:\code\test-service2\target\classes;C:\Users\vilas\.m2\repository\org\mockito\mockito-core\2.21.0\mockito-core-2.21.0.jar;C:\Users\vilas\.m2\repository\net\bytebuddy\byte-buddy\1.8.15\byte-buddy-1.8.15.jar;C:\Users\vilas\.m2\repository\net\bytebuddy\byte-buddy-agent\1.8.15\byte-buddy-agent-1.8.15.jar;C:\Users\vilas\.m2\repository\org\objenesis\objenesis\2.6\objenesis-2.6.jar;C:\Users\vilas\.m2\repository\org\junit\jupiter\junit-jupiter-engine\5.5.2\junit-jupiter-engine-5.5.2.jar;C:\Users\vilas\.m2\repository\org\apiguardian\apiguardian-api\1.1.0\apiguardian-api-1.1.0.jar;C:\Users\vilas\.m2\repository\org\junit\platform\junit-platform-engine\1.5.2\junit-platform-engine-1.5.2.jar;C:\Users\vilas\.m2\repository\org\opentest4j\opentest4j\1.2.0\opentest4j-1.2.0.jar;C:\Users\vilas\.m2\repository\org\junit\platform\junit-platform-commons\1.5.2\junit-platform-commons-1.5.2.jar;C:\Users\vilas\.m2\repository\org\junit\jupiter\junit-jupiter-api\5.5.2\junit-jupiter-api-5.5.2.jar;C:\Users\vilas\.m2\repository\org\junit\platform\junit-platform-runner\1.5.2\junit-platform-runner-1.5.2.jar;C:\Users\vilas\.m2\repository\org\junit\platform\junit-platform-launcher\1.5.2\junit-platform-launcher-1.5.2.jar;C:\Users\vilas\.m2\repository\org\junit\platform\junit-platform-suite-api\1.5.2\junit-platform-suite-api-1.5.2.jar;C:\Users\vilas\.m2\repository\junit\junit\4.12\junit-4.12.jar;C:\Users\vilas\.m2\repository\org\hamcrest\hamcrest-core\1.3\hamcrest-core-1.3.jar;"/>
    <property name="java.vm.vendor" value="Oracle Corporation"/>
    <property name="sun.arch.data.model" value="64"/>
    <property name="user.variant" value=""/>
    <property name="java.vendor.url" value="http://java.oracle.com/"/>
    <property name="user.timezone" value="Asia/Calcutta"/>
    <property name="java.vm.specification.version" value="1.8"/>
    <property name="os.name" value="Windows 10"/>
    <property name="user.country" value="IN"/>
    <property name="sun.java.launcher" value="SUN_STANDARD"/>
    <property name="sun.boot.library.path" value="C:\Program Files\Java\jre1.8.0_211\bin"/>
    <property name="sun.java.command" value="C:\Users\vilas\AppData\Local\Temp\surefire6365381910044826778\surefirebooter4759537039536731744.jar C:\Users\vilas\AppData\Local\Temp\surefire6365381910044826778 2020-04-29T08-14-01_519-jvmRun1 surefire8833701971047229585tmp surefire_03274238248114523317tmp"/>
    <property name="surefire.test.class.path" value="D:\code\test-service2\target\test-classes;D:\code\test-service2\target\classes;C:\Users\vilas\.m2\repository\org\mockito\mockito-core\2.21.0\mockito-core-2.21.0.jar;C:\Users\vilas\.m2\repository\net\bytebuddy\byte-buddy\1.8.15\byte-buddy-1.8.15.jar;C:\Users\vilas\.m2\repository\net\bytebuddy\byte-buddy-agent\1.8.15\byte-buddy-agent-1.8.15.jar;C:\Users\vilas\.m2\repository\org\objenesis\objenesis\2.6\objenesis-2.6.jar;C:\Users\vilas\.m2\repository\org\junit\jupiter\junit-jupiter-engine\5.5.2\junit-jupiter-engine-5.5.2.jar;C:\Users\vilas\.m2\repository\org\apiguardian\apiguardian-api\1.1.0\apiguardian-api-1.1.0.jar;C:\Users\vilas\.m2\repository\org\junit\platform\junit-platform-engine\1.5.2\junit-platform-engine-1.5.2.jar;C:\Users\vilas\.m2\repository\org\opentest4j\opentest4j\1.2.0\opentest4j-1.2.0.jar;C:\Users\vilas\.m2\repository\org\junit\platform\junit-platform-commons\1.5.2\junit-platform-commons-1.5.2.jar;C:\Users\vilas\.m2\repository\org\junit\jupiter\junit-jupiter-api\5.5.2\junit-jupiter-api-5.5.2.jar;C:\Users\vilas\.m2\repository\org\junit\platform\junit-platform-runner\1.5.2\junit-platform-runner-1.5.2.jar;C:\Users\vilas\.m2\repository\org\junit\platform\junit-platform-launcher\1.5.2\junit-platform-launcher-1.5.2.jar;C:\Users\vilas\.m2\repository\org\junit\platform\junit-platform-suite-api\1.5.2\junit-platform-suite-api-1.5.2.jar;C:\Users\vilas\.m2\repository\junit\junit\4.12\junit-4.12.jar;C:\Users\vilas\.m2\repository\org\hamcrest\hamcrest-core\1.3\hamcrest-core-1.3.jar;"/>
    <property name="sun.cpu.endian" value="little"/>
    <property name="user.home" value="C:\Users\vilas"/>
    <property name="user.language" value="en"/>
    <property name="java.specification.vendor" value="Oracle Corporation"/>
    <property name="java.home" value="C:\Program Files\Java\jre1.8.0_211"/>
    <property name="basedir" value="D:\code\test-service2"/>
    <property name="file.separator" value="\"/>
    <property name="line.separator" value="&#10;"/>
    <property name="java.vm.specification.vendor" value="Oracle Corporation"/>
    <property name="java.specification.name" value="Java Platform API Specification"/>
    <property name="java.awt.graphicsenv" value="sun.awt.Win32GraphicsEnvironment"/>
    <property name="surefire.real.class.path" value="C:\Users\vilas\AppData\Local\Temp\surefire6365381910044826778\surefirebooter4759537039536731744.jar"/>
    <property name="sun.boot.class.path" value="C:\Program Files\Java\jre1.8.0_211\lib\resources.jar;C:\Program Files\Java\jre1.8.0_211\lib\rt.jar;C:\Program Files\Java\jre1.8.0_211\lib\sunrsasign.jar;C:\Program Files\Java\jre1.8.0_211\lib\jsse.jar;C:\Program Files\Java\jre1.8.0_211\lib\jce.jar;C:\Program Files\Java\jre1.8.0_211\lib\charsets.jar;C:\Program Files\Java\jre1.8.0_211\lib\jfr.jar;C:\Program Files\Java\jre1.8.0_211\classes"/>
    <property name="user.script" value=""/>
    <property name="sun.management.compiler" value="HotSpot 64-Bit Tiered Compilers"/>
    <property name="java.runtime.version" value="1.8.0_211-b12"/>
    <property name="user.name" value="vilas"/>
    <property name="path.separator" value=";"/>
    <property name="os.version" value="10.0"/>
    <property name="java.endorsed.dirs" value="C:\Program Files\Java\jre1.8.0_211\lib\endorsed"/>
    <property name="java.runtime.name" value="Java(TM) SE Runtime Environment"/>
    <property name="file.encoding" value="Cp1252"/>
    <property name="java.vm.name" value="Java HotSpot(TM) 64-Bit Server VM"/>
    <property name="localRepository" value="C:\Users\vilas\.m2\repository"/>
    <property name="java.vendor.url.bug" value="http://bugreport.sun.com/bugreport/"/>
    <property name="java.io.tmpdir" value="C:\Users\vilas\AppData\Local\Temp\"/>
    <property name="java.version" value="1.8.0_211"/>
    <property name="user.dir" value="D:\code\test-service2"/>
    <property name="os.arch" value="amd64"/>
    <property name="java.vm.specification.name" value="Java Virtual Machine Specification"/>
    <property name="java.awt.printerjob" value="sun.awt.windows.WPrinterJob"/>
    <property name="sun.os.patch.level" value=""/>
    <property name="java.library.path" value="C:\Program Files\Java\jre1.8.0_211\bin;C:\WINDOWS\Sun\Java\bin;C:\WINDOWS\system32;C:\WINDOWS;C:/Program Files/Java/jre1.8.0_211/bin/server;C:/Program Files/Java/jre1.8.0_211/bin;C:/Program Files/Java/jre1.8.0_211/lib/amd64;C:\Program Files (x86)\Common Files\Oracle\Java\javapath;C:\Program Files (x86)\Intel\Intel(R) Management Engine Components\iCLS\;C:\Program Files\Intel\Intel(R) Management Engine Components\iCLS\;C:\WINDOWS\system32;C:\WINDOWS;C:\WINDOWS\System32\Wbem;C:\WINDOWS\System32\WindowsPowerShell\v1.0\;C:\WINDOWS\System32\OpenSSH\;C:\Program Files (x86)\Intel\Intel(R) Management Engine Components\DAL;C:\Program Files\Intel\Intel(R) Management Engine Components\DAL;C:\Program Files (x86)\Intel\Intel(R) Management Engine Components\IPT;C:\Program Files\Intel\Intel(R) Management Engine Components\IPT;D:\software\installable\bin;C:\Program Files\Java\jdk1.8.0_211\bin;C:\Program Files\dotnet\;C:\Program Files\Microsoft SQL Server\130\Tools\Binn\;C:\Program Files\Microsoft SQL Server\Client SDK\ODBC\170\Tools\Binn\;D:\HashiCorp\Vagrant\bin;D:\Program Files\PuTTY\;D:\software\maven\apache-maven-3.6.3-bin\apache-maven-3.6.3\bin;C:\Program Files\Git\cmd;C:\Program Files\Git\mingw64\bin;C:\Program Files\Git\usr\bin;D:\adabas\bin;D:\adabas\pgm;D:\software\Scripts\;D:\software\;C:\Users\vilas\AppData\Local\Microsoft\WindowsApps;;C:\Users\vilas\.dotnet\tools;C:\WINDOWS\System32;;."/>
    <property name="java.vm.info" value="mixed mode"/>
    <property name="java.vendor" value="Oracle Corporation"/>
    <property name="java.vm.version" value="25.211-b12"/>
    <property name="java.ext.dirs" value="C:\Program Files\Java\jre1.8.0_211\lib\ext;C:\WINDOWS\Sun\Java\lib\ext"/>
    <property name="sun.io.unicode.encoding" value="UnicodeLittle"/>
    <property name="java.class.version" value="52.0"/>
  </properties>
  <testcase name="testAdd" classname="com.hsbg.test.SomethingDoerTest" time="0.001"/>
  <testcase name="testAdd1" classname="com.hsbg.test.SomethingDoerTest" time="0.006">
    <failure message="expected: &lt;Test1&gt; but was: &lt;Test2&gt;" type="org.opentest4j.AssertionFailedError"><![CDATA[org.opentest4j.AssertionFailedError: expected: <Test1> but was: <Test2>
	at com.hsbg.test.SomethingDoerTest.testAdd1(SomethingDoerTest.java:29)
]]></failure>
    <system-out><![CDATA[Test
]]></system-out>
  </testcase>
  <testcase name="testDo" classname="com.hsbg.test.SomethingDoerTest" time="0"/>
</testsuite>